  main.cpp
  Generating code
  4 of 8 functions (50.0%) were compiled, the rest were copied from previous compilation.
    3 functions were new in current compilation
    1 functions had inline decision re-evaluated but remain unchanged
  Finished generating code
  netCDF.vcxproj -> C:\Users\Drew\Documents\GitHub\netCDF\msvc\..\build\x64\Release\netCDF.exe
  netCDF.vcxproj -> ..\build\x64\Release\netCDF.pdb (Full PDB)
  C:\Users\Drew\Documents\GitHub\netCDF\msvc\..\bin\hdf.dll
  C:\Users\Drew\Documents\GitHub\netCDF\msvc\..\bin\hdf5.dll
  C:\Users\Drew\Documents\GitHub\netCDF\msvc\..\bin\hdf5_cpp.dll
  C:\Users\Drew\Documents\GitHub\netCDF\msvc\..\bin\hdf5_hl.dll
  C:\Users\Drew\Documents\GitHub\netCDF\msvc\..\bin\hdf5_hl_cpp.dll
  C:\Users\Drew\Documents\GitHub\netCDF\msvc\..\bin\hdf5_tools.dll
  C:\Users\Drew\Documents\GitHub\netCDF\msvc\..\bin\jpeg.dll
  C:\Users\Drew\Documents\GitHub\netCDF\msvc\..\bin\libcurl.dll
  C:\Users\Drew\Documents\GitHub\netCDF\msvc\..\bin\mfhdf.dll
  C:\Users\Drew\Documents\GitHub\netCDF\msvc\..\bin\msvcp120.dll
  C:\Users\Drew\Documents\GitHub\netCDF\msvc\..\bin\msvcr120.dll
  C:\Users\Drew\Documents\GitHub\netCDF\msvc\..\bin\netcdf.dll
  C:\Users\Drew\Documents\GitHub\netCDF\msvc\..\bin\xdr.dll
  C:\Users\Drew\Documents\GitHub\netCDF\msvc\..\bin\zlib1.dll
         14 file(s) copied.
